{"C:\\Users\\user\\Desktop\\React\\testing\\unit-testing\\src\\components\\Card\\Card.tsx": {"path":"C:\\Users\\user\\Desktop\\React\\testing\\unit-testing\\src\\components\\Card\\Card.tsx","statementMap":{"0":{"start":{"line":7,"column":2},"end":{"line":10,"column":null}}},"fnMap":{"0":{"name":"Card","decl":{"start":{"line":6,"column":24},"end":{"line":6,"column":29}},"loc":{"start":{"line":6,"column":60},"end":{"line":10,"column":null}},"line":6}},"branchMap":{},"s":{"0":4},"f":{"0":4},"b":{},"meta":{"lastBranch":0,"lastFunction":1,"lastStatement":1,"seen":{"f:6:24:6:29":0,"s:7:2:10:Infinity":0}}}
,"C:\\Users\\user\\Desktop\\React\\testing\\unit-testing\\src\\components\\CardList\\CardList.tsx": {"path":"C:\\Users\\user\\Desktop\\React\\testing\\unit-testing\\src\\components\\CardList\\CardList.tsx","statementMap":{"0":{"start":{"line":20,"column":2},"end":{"line":20,"column":null}},"1":{"start":{"line":20,"column":15},"end":{"line":20,"column":null}},"2":{"start":{"line":22,"column":2},"end":{"line":22,"column":null}},"3":{"start":{"line":22,"column":13},"end":{"line":22,"column":null}},"4":{"start":{"line":24,"column":2},"end":{"line":25,"column":null}},"5":{"start":{"line":25,"column":4},"end":{"line":25,"column":null}},"6":{"start":{"line":27,"column":2},"end":{"line":37,"column":null}},"7":{"start":{"line":30,"column":8},"end":{"line":35,"column":null}}},"fnMap":{"0":{"name":"CardList","decl":{"start":{"line":15,"column":24},"end":{"line":15,"column":33}},"loc":{"start":{"line":19,"column":10},"end":{"line":37,"column":null}},"line":19},"1":{"name":"(anonymous_1)","decl":{"start":{"line":29,"column":12},"end":{"line":29,"column":17}},"loc":{"start":{"line":30,"column":8},"end":{"line":35,"column":null}},"line":30}},"branchMap":{"0":{"loc":{"start":{"line":20,"column":2},"end":{"line":20,"column":null}},"type":"if","locations":[{"start":{"line":20,"column":2},"end":{"line":20,"column":null}},{"start":{},"end":{}}],"line":20},"1":{"loc":{"start":{"line":22,"column":2},"end":{"line":22,"column":null}},"type":"if","locations":[{"start":{"line":22,"column":2},"end":{"line":22,"column":null}},{"start":{},"end":{}}],"line":22},"2":{"loc":{"start":{"line":24,"column":2},"end":{"line":25,"column":null}},"type":"if","locations":[{"start":{"line":24,"column":2},"end":{"line":25,"column":null}},{"start":{},"end":{}}],"line":24},"3":{"loc":{"start":{"line":24,"column":6},"end":{"line":24,"column":null}},"type":"binary-expr","locations":[{"start":{"line":24,"column":6},"end":{"line":24,"column":15}},{"start":{"line":24,"column":15},"end":{"line":24,"column":null}}],"line":24}},"s":{"0":4,"1":1,"2":3,"3":3,"4":2,"5":1,"6":1,"7":2},"f":{"0":4,"1":2},"b":{"0":[1,3],"1":[1,2],"2":[1,1],"3":[2,2]},"meta":{"lastBranch":4,"lastFunction":2,"lastStatement":8,"seen":{"f:15:24:15:33":0,"b:20:2:20:Infinity:undefined:undefined:undefined:undefined":0,"s:20:2:20:Infinity":0,"s:20:15:20:Infinity":1,"b:22:2:22:Infinity:undefined:undefined:undefined:undefined":1,"s:22:2:22:Infinity":2,"s:22:13:22:Infinity":3,"b:24:2:25:Infinity:undefined:undefined:undefined:undefined":2,"s:24:2:25:Infinity":4,"b:24:6:24:15:24:15:24:Infinity":3,"s:25:4:25:Infinity":5,"s:27:2:37:Infinity":6,"f:29:12:29:17":1,"s:30:8:35:Infinity":7}}}
,"C:\\Users\\user\\Desktop\\React\\testing\\unit-testing\\src\\components\\ErrorBoundary\\ErrorBoundary.tsx": {"path":"C:\\Users\\user\\Desktop\\React\\testing\\unit-testing\\src\\components\\ErrorBoundary\\ErrorBoundary.tsx","statementMap":{"0":{"start":{"line":16,"column":4},"end":{"line":16,"column":null}},"1":{"start":{"line":17,"column":4},"end":{"line":17,"column":null}},"2":{"start":{"line":21,"column":4},"end":{"line":21,"column":null}},"3":{"start":{"line":25,"column":4},"end":{"line":25,"column":null}},"4":{"start":{"line":29,"column":4},"end":{"line":30,"column":null}},"5":{"start":{"line":30,"column":6},"end":{"line":30,"column":null}},"6":{"start":{"line":33,"column":4},"end":{"line":33,"column":null}}},"fnMap":{"0":{"name":"(anonymous_0)","decl":{"start":{"line":15,"column":2},"end":{"line":15,"column":14}},"loc":{"start":{"line":15,"column":28},"end":{"line":17,"column":null}},"line":15},"1":{"name":"(anonymous_1)","decl":{"start":{"line":20,"column":9},"end":{"line":20,"column":36}},"loc":{"start":{"line":20,"column":36},"end":{"line":21,"column":null}},"line":20},"2":{"name":"(anonymous_2)","decl":{"start":{"line":24,"column":2},"end":{"line":24,"column":20}},"loc":{"start":{"line":24,"column":34},"end":{"line":25,"column":null}},"line":24},"3":{"name":"(anonymous_3)","decl":{"start":{"line":28,"column":2},"end":{"line":28,"column":11}},"loc":{"start":{"line":28,"column":11},"end":{"line":33,"column":null}},"line":28}},"branchMap":{"0":{"loc":{"start":{"line":29,"column":4},"end":{"line":30,"column":null}},"type":"if","locations":[{"start":{"line":29,"column":4},"end":{"line":30,"column":null}},{"start":{},"end":{}}],"line":29}},"s":{"0":3,"1":3,"2":2,"3":1,"4":4,"5":2,"6":2},"f":{"0":3,"1":1,"2":1,"3":4},"b":{"0":[2,2]},"meta":{"lastBranch":1,"lastFunction":4,"lastStatement":7,"seen":{"f:15:2:15:14":0,"s:16:4:16:Infinity":0,"s:17:4:17:Infinity":1,"f:20:9:20:36":1,"s:21:4:21:Infinity":2,"f:24:2:24:20":2,"s:25:4:25:Infinity":3,"f:28:2:28:11":3,"b:29:4:30:Infinity:undefined:undefined:undefined:undefined":0,"s:29:4:30:Infinity":4,"s:30:6:30:Infinity":5,"s:33:4:33:Infinity":6}}}
,"C:\\Users\\user\\Desktop\\React\\testing\\unit-testing\\src\\components\\Search\\Search.tsx": {"path":"C:\\Users\\user\\Desktop\\React\\testing\\unit-testing\\src\\components\\Search\\Search.tsx","statementMap":{"0":{"start":{"line":8,"column":16},"end":{"line":8,"column":40}},"1":{"start":{"line":11,"column":2},"end":{"line":16,"column":null}},"2":{"start":{"line":12,"column":18},"end":{"line":12,"column":48}},"3":{"start":{"line":13,"column":4},"end":{"line":14,"column":null}},"4":{"start":{"line":14,"column":6},"end":{"line":14,"column":null}},"5":{"start":{"line":18,"column":8},"end":{"line":20,"column":null}},"6":{"start":{"line":19,"column":4},"end":{"line":19,"column":null}},"7":{"start":{"line":20,"column":4},"end":{"line":20,"column":null}},"8":{"start":{"line":23,"column":2},"end":{"line":32,"column":null}},"9":{"start":{"line":28,"column":25},"end":{"line":28,"column":null}}},"fnMap":{"0":{"name":"Search","decl":{"start":{"line":7,"column":24},"end":{"line":7,"column":31}},"loc":{"start":{"line":7,"column":52},"end":{"line":32,"column":null}},"line":7},"1":{"name":"(anonymous_1)","decl":{"start":{"line":11,"column":2},"end":{"line":11,"column":18}},"loc":{"start":{"line":11,"column":18},"end":{"line":16,"column":7}},"line":11},"2":{"name":"(anonymous_2)","decl":{"start":{"line":18,"column":8},"end":{"line":18,"column":29}},"loc":{"start":{"line":18,"column":29},"end":{"line":20,"column":null}},"line":18},"3":{"name":"(anonymous_3)","decl":{"start":{"line":28,"column":8},"end":{"line":28,"column":19}},"loc":{"start":{"line":28,"column":25},"end":{"line":28,"column":null}},"line":28}},"branchMap":{"0":{"loc":{"start":{"line":13,"column":4},"end":{"line":14,"column":null}},"type":"if","locations":[{"start":{"line":13,"column":4},"end":{"line":14,"column":null}},{"start":{},"end":{}}],"line":13}},"s":{"0":7,"1":7,"2":4,"3":4,"4":1,"5":7,"6":1,"7":1,"8":7,"9":2},"f":{"0":7,"1":4,"2":1,"3":2},"b":{"0":[1,3]},"meta":{"lastBranch":1,"lastFunction":4,"lastStatement":10,"seen":{"f:7:24:7:31":0,"s:8:16:8:40":0,"s:11:2:16:Infinity":1,"f:11:2:11:18":1,"s:12:18:12:48":2,"b:13:4:14:Infinity:undefined:undefined:undefined:undefined":0,"s:13:4:14:Infinity":3,"s:14:6:14:Infinity":4,"s:18:8:20:Infinity":5,"f:18:8:18:29":2,"s:19:4:19:Infinity":6,"s:20:4:20:Infinity":7,"s:23:2:32:Infinity":8,"f:28:8:28:19":3,"s:28:25:28:Infinity":9}}}
}
